c:\program files (x86)\vehicle spy 3\data directory\iso training\ccif_simplelink_tcp\ccif_simplelink_tcp.lib
c:\program files (x86)\vehicle spy 3\data directory\iso training\ccif_simplelink_tcp\ccif_simplelink_tcp.exp
c:\program files (x86)\vehicle spy 3\data directory\iso training\ccif_simplelink_tcp\debug\ccif_simplelink_tcp.pch
c:\program files (x86)\vehicle spy 3\data directory\iso training\ccif_simplelink_tcp\debug\vc120.pdb
c:\program files (x86)\vehicle spy 3\data directory\iso training\ccif_simplelink_tcp\debug\vc120.idb
c:\program files (x86)\vehicle spy 3\data directory\iso training\ccif_simplelink_tcp\debug\stdafx.obj
c:\program files (x86)\vehicle spy 3\data directory\iso training\ccif_simplelink_tcp\debug\jsmn.obj
c:\program files (x86)\vehicle spy 3\data directory\iso training\ccif_simplelink_tcp\debug\device.obj
c:\program files (x86)\vehicle spy 3\data directory\iso training\ccif_simplelink_tcp\debug\driver.obj
c:\program files (x86)\vehicle spy 3\data directory\iso training\ccif_simplelink_tcp\debug\flowcont.obj
c:\program files (x86)\vehicle spy 3\data directory\iso training\ccif_simplelink_tcp\debug\fs.obj
c:\program files (x86)\vehicle spy 3\data directory\iso training\ccif_simplelink_tcp\debug\netapp.obj
c:\program files (x86)\vehicle spy 3\data directory\iso training\ccif_simplelink_tcp\debug\netcfg.obj
c:\program files (x86)\vehicle spy 3\data directory\iso training\ccif_simplelink_tcp\debug\nonos.obj
c:\program files (x86)\vehicle spy 3\data directory\iso training\ccif_simplelink_tcp\debug\socket.obj
c:\program files (x86)\vehicle spy 3\data directory\iso training\ccif_simplelink_tcp\debug\spawn.obj
c:\program files (x86)\vehicle spy 3\data directory\iso training\ccif_simplelink_tcp\debug\wlan.obj
c:\program files (x86)\vehicle spy 3\data directory\iso training\ccif_simplelink_tcp\debug\spyccode.obj
c:\program files (x86)\vehicle spy 3\data directory\iso training\ccif_simplelink_tcp\debug\vspy.obj
c:\program files (x86)\vehicle spy 3\data directory\iso training\ccif_simplelink_tcp\debug\ccif_simplelink_tcp.obj
c:\program files (x86)\vehicle spy 3\data directory\iso training\ccif_simplelink_tcp\ccif_simplelink_tcp.ilk
c:\program files (x86)\vehicle spy 3\data directory\iso training\ccif_simplelink_tcp\ccif_simplelink_tcp.dll
c:\program files (x86)\vehicle spy 3\data directory\iso training\ccif_simplelink_tcp\ccif_simplelink_tcp.pdb
c:\program files (x86)\vehicle spy 3\data directory\iso training\ccif_simplelink_tcp\debug\ccif_simplelink_tcp.res
c:\program files (x86)\vehicle spy 3\data directory\iso training\ccif_simplelink_tcp\debug\ccif_sim.924904ff.tlog\ccif_simplelink_tcp.write.1u.tlog
c:\program files (x86)\vehicle spy 3\data directory\iso training\ccif_simplelink_tcp\debug\ccif_sim.924904ff.tlog\cl.command.1.tlog
c:\program files (x86)\vehicle spy 3\data directory\iso training\ccif_simplelink_tcp\debug\ccif_sim.924904ff.tlog\cl.read.1.tlog
c:\program files (x86)\vehicle spy 3\data directory\iso training\ccif_simplelink_tcp\debug\ccif_sim.924904ff.tlog\cl.write.1.tlog
c:\program files (x86)\vehicle spy 3\data directory\iso training\ccif_simplelink_tcp\debug\ccif_sim.924904ff.tlog\link.command.1.tlog
c:\program files (x86)\vehicle spy 3\data directory\iso training\ccif_simplelink_tcp\debug\ccif_sim.924904ff.tlog\link.read.1.tlog
c:\program files (x86)\vehicle spy 3\data directory\iso training\ccif_simplelink_tcp\debug\ccif_sim.924904ff.tlog\link.write.1.tlog
c:\program files (x86)\vehicle spy 3\data directory\iso training\ccif_simplelink_tcp\debug\ccif_sim.924904ff.tlog\rc.command.1.tlog
c:\program files (x86)\vehicle spy 3\data directory\iso training\ccif_simplelink_tcp\debug\ccif_sim.924904ff.tlog\rc.read.1.tlog
c:\program files (x86)\vehicle spy 3\data directory\iso training\ccif_simplelink_tcp\debug\ccif_sim.924904ff.tlog\rc.write.1.tlog
