c:\program files (x86)\vehicle spy 3\data directory\iso training\ccif_simplelink_tcp\ccif_simplelink_tcp.lib
c:\program files (x86)\vehicle spy 3\data directory\iso training\ccif_simplelink_tcp\ccif_simplelink_tcp.exp
c:\program files (x86)\vehicle spy 3\data directory\iso training\ccif_simplelink_tcp\release\ccif_simplelink_tcp.pch
c:\program files (x86)\vehicle spy 3\data directory\iso training\ccif_simplelink_tcp\release\vc120.pdb
c:\program files (x86)\vehicle spy 3\data directory\iso training\ccif_simplelink_tcp\release\stdafx.obj
c:\program files (x86)\vehicle spy 3\data directory\iso training\ccif_simplelink_tcp\release\wlan.obj
c:\program files (x86)\vehicle spy 3\data directory\iso training\ccif_simplelink_tcp\release\spawn.obj
c:\program files (x86)\vehicle spy 3\data directory\iso training\ccif_simplelink_tcp\release\socket.obj
c:\program files (x86)\vehicle spy 3\data directory\iso training\ccif_simplelink_tcp\release\nonos.obj
c:\program files (x86)\vehicle spy 3\data directory\iso training\ccif_simplelink_tcp\release\netcfg.obj
c:\program files (x86)\vehicle spy 3\data directory\iso training\ccif_simplelink_tcp\release\netapp.obj
c:\program files (x86)\vehicle spy 3\data directory\iso training\ccif_simplelink_tcp\release\fs.obj
c:\program files (x86)\vehicle spy 3\data directory\iso training\ccif_simplelink_tcp\release\flowcont.obj
c:\program files (x86)\vehicle spy 3\data directory\iso training\ccif_simplelink_tcp\release\driver.obj
c:\program files (x86)\vehicle spy 3\data directory\iso training\ccif_simplelink_tcp\release\device.obj
c:\program files (x86)\vehicle spy 3\data directory\iso training\ccif_simplelink_tcp\release\jsmn.obj
c:\program files (x86)\vehicle spy 3\data directory\iso training\ccif_simplelink_tcp\release\vspy.obj
c:\program files (x86)\vehicle spy 3\data directory\iso training\ccif_simplelink_tcp\release\spyccode.obj
c:\program files (x86)\vehicle spy 3\data directory\iso training\ccif_simplelink_tcp\release\ccif_simplelink_tcp.obj
c:\program files (x86)\vehicle spy 3\data directory\iso training\ccif_simplelink_tcp\ccif_simplelink_tcp.dll
c:\program files (x86)\vehicle spy 3\data directory\iso training\ccif_simplelink_tcp\ccif_simplelink_tcp.pdb
c:\program files (x86)\vehicle spy 3\data directory\iso training\ccif_simplelink_tcp\release\ccif_simplelink_tcp.res
c:\program files (x86)\vehicle spy 3\data directory\iso training\ccif_simplelink_tcp\release\ccif_sim.924904ff.tlog\ccif_simplelink_tcp.write.1u.tlog
c:\program files (x86)\vehicle spy 3\data directory\iso training\ccif_simplelink_tcp\release\ccif_sim.924904ff.tlog\cl.command.1.tlog
c:\program files (x86)\vehicle spy 3\data directory\iso training\ccif_simplelink_tcp\release\ccif_sim.924904ff.tlog\cl.read.1.tlog
c:\program files (x86)\vehicle spy 3\data directory\iso training\ccif_simplelink_tcp\release\ccif_sim.924904ff.tlog\cl.write.1.tlog
c:\program files (x86)\vehicle spy 3\data directory\iso training\ccif_simplelink_tcp\release\ccif_sim.924904ff.tlog\link.command.1.tlog
c:\program files (x86)\vehicle spy 3\data directory\iso training\ccif_simplelink_tcp\release\ccif_sim.924904ff.tlog\link.read.1.tlog
c:\program files (x86)\vehicle spy 3\data directory\iso training\ccif_simplelink_tcp\release\ccif_sim.924904ff.tlog\link.write.1.tlog
c:\program files (x86)\vehicle spy 3\data directory\iso training\ccif_simplelink_tcp\release\ccif_sim.924904ff.tlog\rc.command.1.tlog
c:\program files (x86)\vehicle spy 3\data directory\iso training\ccif_simplelink_tcp\release\ccif_sim.924904ff.tlog\rc.read.1.tlog
c:\program files (x86)\vehicle spy 3\data directory\iso training\ccif_simplelink_tcp\release\ccif_sim.924904ff.tlog\rc.write.1.tlog
